<?xml version="1.0" encoding="UTF-8"?>
<testng-results ignored="0" total="1" passed="1" failed="0" skipped="0">
  <reporter-output>
  </reporter-output>
  <suite started-at="2022-09-29T15:29:52 WIB" name="Default suite" finished-at="2022-09-29T15:29:52 WIB" duration-ms="367">
    <groups>
      <group name="cucumber">
        <method signature="AbstractTestNGCucumberTests.runScenario(io.cucumber.testng.PickleWrapper,io.cucumber.testng.FeatureWrapper)[pri:0, instance:testing.Runner@61df66b6]" name="runScenario" class="io.cucumber.testng.AbstractTestNGCucumberTests"/>
      </group> <!-- cucumber -->
    </groups>
    <test started-at="2022-09-29T15:29:52 WIB" name="Default test" finished-at="2022-09-29T15:29:52 WIB" duration-ms="367">
      <class name="testing.Runner">
        <test-method is-config="true" signature="setUpClass(org.testng.ITestContext)[pri:0, instance:testing.Runner@61df66b6]" started-at="2022-09-29T15:29:52 WIB" name="setUpClass" finished-at="2022-09-29T15:29:52 WIB" duration-ms="286" status="PASS">
          <params>
            <param index="0">
              <value>
                <![CDATA[org.testng.TestRunner@7813cb11]]>
              </value>
            </param>
          </params>
          <reporter-output>
          </reporter-output>
        </test-method> <!-- setUpClass -->
        <test-method signature="runScenario(io.cucumber.testng.PickleWrapper,io.cucumber.testng.FeatureWrapper)[pri:0, instance:testing.Runner@61df66b6]" started-at="2022-09-29T15:29:52 WIB" name="runScenario" description="Runs Cucumber Scenarios" data-provider="scenarios" finished-at="2022-09-29T15:29:52 WIB" duration-ms="45" status="PASS">
          <params>
            <param index="0">
              <value>
                <![CDATA["palindrom"]]>
              </value>
            </param>
            <param index="1">
              <value>
                <![CDATA["test palindrom"]]>
              </value>
            </param>
          </params>
          <reporter-output>
          </reporter-output>
        </test-method> <!-- runScenario -->
        <test-method is-config="true" signature="tearDownClass()[pri:0, instance:testing.Runner@61df66b6]" started-at="2022-09-29T15:29:52 WIB" name="tearDownClass" finished-at="2022-09-29T15:29:52 WIB" duration-ms="18" status="PASS">
          <reporter-output>
          </reporter-output>
        </test-method> <!-- tearDownClass -->
      </class> <!-- testing.Runner -->
    </test> <!-- Default test -->
  </suite> <!-- Default suite -->
</testng-results>
